<?xml version="1.0" encoding="UTF-8" ?>
<testsuite tests="22" failures="0" name="testRunner.TestRun" time="0.008" errors="0" skipped="0">
  <properties>
    <property name="java.runtime.name" value="Java(TM) SE Runtime Environment"/>
    <property name="sun.boot.library.path" value="C:\Program Files\Java\jdk1.8.0_212\jre\bin"/>
    <property name="java.vm.version" value="25.212-b10"/>
    <property name="java.vm.vendor" value="Oracle Corporation"/>
    <property name="maven.multiModuleProjectDirectory" value="C:\HRM1\HRM\HRMSystem"/>
    <property name="java.vendor.url" value="http://java.oracle.com/"/>
    <property name="path.separator" value=";"/>
    <property name="guice.disable.misplaced.annotation.check" value="true"/>
    <property name="java.vm.name" value="Java HotSpot(TM) 64-Bit Server VM"/>
    <property name="file.encoding.pkg" value="sun.io"/>
    <property name="user.script" value=""/>
    <property name="user.country" value="US"/>
    <property name="sun.java.launcher" value="SUN_STANDARD"/>
    <property name="sun.os.patch.level" value=""/>
    <property name="java.vm.specification.name" value="Java Virtual Machine Specification"/>
    <property name="user.dir" value="C:\HRM1\HRM\HRMSystem"/>
    <property name="java.runtime.version" value="1.8.0_212-b10"/>
    <property name="java.awt.graphicsenv" value="sun.awt.Win32GraphicsEnvironment"/>
    <property name="java.endorsed.dirs" value="C:\Program Files\Java\jdk1.8.0_212\jre\lib\endorsed"/>
    <property name="os.arch" value="amd64"/>
    <property name="java.io.tmpdir" value="C:\Users\zafer\AppData\Local\Temp\"/>
    <property name="line.separator" value="
"/>
    <property name="java.vm.specification.vendor" value="Oracle Corporation"/>
    <property name="user.variant" value=""/>
    <property name="os.name" value="Windows 10"/>
    <property name="classworlds.conf" value="C:\Users\zafer\OneDrive\Desktop\Eclipse-Workspace-Zafer\.metadata\.plugins\org.eclipse.m2e.launching\launches\m2conf6831888587225724645.tmp"/>
    <property name="sun.jnu.encoding" value="Cp1252"/>
    <property name="java.library.path" value="C:\Program Files\Java\jdk1.8.0_212\bin;C:\WINDOWS\Sun\Java\bin;C:\WINDOWS\system32;C:\WINDOWS;C:/Program Files/Java/jre1.8.0_231/bin/server;C:/Program Files/Java/jre1.8.0_231/bin;C:/Program Files/Java/jre1.8.0_231/lib/amd64;C:\Python27\;C:\Python27\Scripts;C:\Program Files (x86)\Common Files\Oracle\Java\javapath;C:\WINDOWS\system32;C:\WINDOWS;C:\WINDOWS\System32\Wbem;C:\WINDOWS\System32\WindowsPowerShell\v1.0\;C:\Program Files (x86)\Common Files\lenovo\easyplussdk\bin;C:\WINDOWS\System32\OpenSSH\;C:\Users\zafer\AppData\Local\Android\Sdk\tools\bin;C:\Users\zafer\AppData\Local\Android\Sdk\tools;C:\Users\zafer\AppData\Local\Android\Sdk\platform-tools;C:\Program Files\nodejs\;C:\ProgramData\chocolatey\bin;C:\Program Files\nodejs\node_modules\npm\bin;C:\Maven\apache-maven-3.6.3\bin;C:\Program Files\Git\cmd;C:\Program Files\MySQL\MySQL Shell 8.0\bin\;C:\Users\zafer\AppData\Local\Microsoft\WindowsApps;C:\Program Files\Java\jdk1.8.0_212\bin;C:\Users\zafer\AppData\Roaming\npm;C:\WINDOWS\system32;;."/>
    <property name="java.specification.name" value="Java Platform API Specification"/>
    <property name="java.class.version" value="52.0"/>
    <property name="sun.management.compiler" value="HotSpot 64-Bit Tiered Compilers"/>
    <property name="os.version" value="10.0"/>
    <property name="user.home" value="C:\Users\zafer"/>
    <property name="user.timezone" value="America/New_York"/>
    <property name="java.awt.printerjob" value="sun.awt.windows.WPrinterJob"/>
    <property name="java.specification.version" value="1.8"/>
    <property name="file.encoding" value="Cp1252"/>
    <property name="user.name" value="zafer"/>
    <property name="java.class.path" value="/C:/Users/zafer/eclipse/java-2019-03/eclipse/../../../.p2/pool/plugins/org.eclipse.m2e.maven.runtime_1.8.0.20170516-2042/jars/plexus-classworlds-2.5.2.jar"/>
    <property name="java.vm.specification.version" value="1.8"/>
    <property name="sun.arch.data.model" value="64"/>
    <property name="java.home" value="C:\Program Files\Java\jdk1.8.0_212\jre"/>
    <property name="sun.java.command" value="org.codehaus.plexus.classworlds.launcher.Launcher -B test"/>
    <property name="java.specification.vendor" value="Oracle Corporation"/>
    <property name="user.language" value="en"/>
    <property name="awt.toolkit" value="sun.awt.windows.WToolkit"/>
    <property name="java.vm.info" value="mixed mode"/>
    <property name="java.version" value="1.8.0_212"/>
    <property name="java.ext.dirs" value="C:\Program Files\Java\jdk1.8.0_212\jre\lib\ext;C:\WINDOWS\Sun\Java\lib\ext"/>
    <property name="sun.boot.class.path" value="C:\Program Files\Java\jdk1.8.0_212\jre\lib\resources.jar;C:\Program Files\Java\jdk1.8.0_212\jre\lib\rt.jar;C:\Program Files\Java\jdk1.8.0_212\jre\lib\sunrsasign.jar;C:\Program Files\Java\jdk1.8.0_212\jre\lib\jsse.jar;C:\Program Files\Java\jdk1.8.0_212\jre\lib\jce.jar;C:\Program Files\Java\jdk1.8.0_212\jre\lib\charsets.jar;C:\Program Files\Java\jdk1.8.0_212\jre\lib\jfr.jar;C:\Program Files\Java\jdk1.8.0_212\jre\classes"/>
    <property name="java.vendor" value="Oracle Corporation"/>
    <property name="maven.home" value="C:\HRM1\HRM\HRMSystem\EMBEDDED"/>
    <property name="file.separator" value="\"/>
    <property name="java.vendor.url.bug" value="http://bugreport.sun.com/bugreport/"/>
    <property name="sun.cpu.endian" value="little"/>
    <property name="sun.io.unicode.encoding" value="UnicodeLittle"/>
    <property name="sun.desktop" value="windows"/>
    <property name="sun.cpu.isalist" value="amd64"/>
  </properties>
  <testcase classname="Scenario: Add Employee" name="Given User Launch Chrome Browser" time="0.005"/>
  <testcase classname="Scenario: Add Employee" name="When User opens URL &quot;http://166.62.36.207/humanresources/symfony/web/index.php/auth/login&quot;" time="0"/>
  <testcase classname="Scenario: Add Employee" name="And User enters UserName as &quot;Admin&quot; and Password as &quot;Hum@nhrm123&quot;" time="0"/>
  <testcase classname="Scenario: Add Employee" name="And Click on Login" time="0"/>
  <testcase classname="Scenario: Add Employee" name="When Click on Add Employee" time="0"/>
  <testcase classname="Scenario: Add Employee" name="Then Enter employee details and click save" time="0"/>
  <testcase classname="Scenario: Add Employee" name="And Click on Welcome" time="0"/>
  <testcase classname="Scenario: Add Employee" name="When User click on Log out link" time="0"/>
  <testcase classname="Scenario: Add Employee" name="Then Logout Title should be &quot;LOGIN Panel&quot;" time="0"/>
  <testcase classname="Scenario: Add Employee" name="And close browser" time="0"/>
  <testcase classname="Scenario: Add Employee" name="Scenario: Add Employee" time="0"/>
  <testcase classname="Scenario: Search Customer By Name" name="Given User Launch Chrome Browser" time="0"/>
  <testcase classname="Scenario: Search Customer By Name" name="When User opens URL &quot;http://166.62.36.207/humanresources/symfony/web/index.php/auth/login&quot;" time="0"/>
  <testcase classname="Scenario: Search Customer By Name" name="And User enters UserName as &quot;Admin&quot; and Password as &quot;Hum@nhrm123&quot;" time="0"/>
  <testcase classname="Scenario: Search Customer By Name" name="And Click on Login" time="0"/>
  <testcase classname="Scenario: Search Customer By Name" name="When Click on Employee List" time="0"/>
  <testcase classname="Scenario: Search Customer By Name" name="Then Enter employee name and click search" time="0"/>
  <testcase classname="Scenario: Search Customer By Name" name="And Click on Welcome search" time="0.001"/>
  <testcase classname="Scenario: Search Customer By Name" name="When User click on Log out link" time="0"/>
  <testcase classname="Scenario: Search Customer By Name" name="Then Logout Title should be &quot;LOGIN Panel&quot;" time="0"/>
  <testcase classname="Scenario: Search Customer By Name" name="And close browser" time="0"/>
  <testcase classname="Scenario: Search Customer By Name" name="Scenario: Search Customer By Name" time="0.002"/>
</testsuite>