<?xml version="1.0" encoding="UTF-8" ?>
<testsuite tests="22" failures="0" name="testRunner.TestRun" time="0.01" errors="0" skipped="0">
  <properties>
    <property name="java.runtime.name" value="Java(TM) SE Runtime Environment"/>
    <property name="java.vm.version" value="13.0.1+9"/>
    <property name="sun.boot.library.path" value="C:\Program Files\Java\jdk-13.0.1\bin"/>
    <property name="maven.multiModuleProjectDirectory" value="C:\Users\acar5\git\HRM\HRMSystem"/>
    <property name="java.vm.vendor" value="Oracle Corporation"/>
    <property name="java.vendor.url" value="https://java.oracle.com/"/>
    <property name="guice.disable.misplaced.annotation.check" value="true"/>
    <property name="path.separator" value=";"/>
    <property name="java.vm.name" value="Java HotSpot(TM) 64-Bit Server VM"/>
    <property name="sun.os.patch.level" value=""/>
    <property name="user.script" value=""/>
    <property name="user.country" value="US"/>
    <property name="sun.java.launcher" value="SUN_STANDARD"/>
    <property name="java.vm.specification.name" value="Java Virtual Machine Specification"/>
    <property name="user.dir" value="C:\Users\acar5\git\HRM\HRMSystem"/>
    <property name="java.vm.compressedOopsMode" value="32-bit"/>
    <property name="java.runtime.version" value="13.0.1+9"/>
    <property name="os.arch" value="amd64"/>
    <property name="java.io.tmpdir" value="C:\windows\TEMP\"/>
    <property name="line.separator" value="
"/>
    <property name="java.vm.specification.vendor" value="Oracle Corporation"/>
    <property name="user.variant" value=""/>
    <property name="os.name" value="Windows 10"/>
    <property name="classworlds.conf" value="C:\Users\acar5\Desktop\jmeter\apache-jmeter-5.2.1\apache-jmeter-5.2.1\docs\api\org\apache\apache-maven-3.6.3-bin\apache-maven-3.6.3\bin\..\bin\m2.conf"/>
    <property name="sun.jnu.encoding" value="Cp1252"/>
    <property name="java.library.path" value="C:\Program Files\Java\jdk-13.0.1\bin;C:\windows\Sun\Java\bin;C:\windows\system32;C:\windows;C:\Users\acar5\Desktop\jmeter\apache-jmeter-5.2.1\apache-jmeter-5.2.1\docs\api\org\apache\apache-maven-3.6.3-bin\apache-maven-3.6.3/bin;C:\Program Files\Java\jdk-13.0.1/bin;C:\Program Files\Java\jdk-13.0.1/bin;C:\windows\system32;C:\windows;C:\windows\System32\Wbem;C:\windows\System32\WindowsPowerShell\v1.0\;C:\windows\System32\OpenSSH\;C:\Program Files\dotnet\;C:\Program Files\Git\cmd;C:\Users\acar5\AppData\Local\Microsoft\WindowsApps;C:\Users\acar5\.dotnet\tools;."/>
    <property name="maven.conf" value="C:\Users\acar5\Desktop\jmeter\apache-jmeter-5.2.1\apache-jmeter-5.2.1\docs\api\org\apache\apache-maven-3.6.3-bin\apache-maven-3.6.3\bin\../conf"/>
    <property name="jdk.debug" value="release"/>
    <property name="java.class.version" value="57.0"/>
    <property name="java.specification.name" value="Java Platform API Specification"/>
    <property name="sun.management.compiler" value="HotSpot 64-Bit Tiered Compilers"/>
    <property name="os.version" value="10.0"/>
    <property name="library.jansi.path" value="C:\Users\acar5\Desktop\jmeter\apache-jmeter-5.2.1\apache-jmeter-5.2.1\docs\api\org\apache\apache-maven-3.6.3-bin\apache-maven-3.6.3\bin\..\lib\jansi-native"/>
    <property name="user.home" value="C:\windows\system32\config\systemprofile"/>
    <property name="user.timezone" value="America/New_York"/>
    <property name="file.encoding" value="Cp1252"/>
    <property name="java.specification.version" value="13"/>
    <property name="user.name" value="LAPTOP-COLDOS8T$"/>
    <property name="java.class.path" value="C:\Users\acar5\Desktop\jmeter\apache-jmeter-5.2.1\apache-jmeter-5.2.1\docs\api\org\apache\apache-maven-3.6.3-bin\apache-maven-3.6.3\bin\..\boot\plexus-classworlds-2.6.0.jar"/>
    <property name="java.vm.specification.version" value="13"/>
    <property name="sun.arch.data.model" value="64"/>
    <property name="sun.java.command" value="org.codehaus.plexus.classworlds.launcher.Launcher test"/>
    <property name="java.home" value="C:\Program Files\Java\jdk-13.0.1"/>
    <property name="user.language" value="en"/>
    <property name="java.specification.vendor" value="Oracle Corporation"/>
    <property name="java.vm.info" value="mixed mode, sharing"/>
    <property name="java.version" value="13.0.1"/>
    <property name="java.vendor" value="Oracle Corporation"/>
    <property name="maven.home" value="C:\Users\acar5\Desktop\jmeter\apache-jmeter-5.2.1\apache-jmeter-5.2.1\docs\api\org\apache\apache-maven-3.6.3-bin\apache-maven-3.6.3\bin\.."/>
    <property name="file.separator" value="\"/>
    <property name="java.version.date" value="2019-10-15"/>
    <property name="java.vendor.url.bug" value="https://bugreport.java.com/bugreport/"/>
    <property name="sun.io.unicode.encoding" value="UnicodeLittle"/>
    <property name="sun.cpu.endian" value="little"/>
    <property name="sun.cpu.isalist" value="amd64"/>
  </properties>
  <testcase classname="Scenario: Add Employee" name="Given User Launch Chrome Browser" time="0.003"/>
  <testcase classname="Scenario: Add Employee" name="When User opens URL &quot;http://166.62.36.207/humanresources/symfony/web/index.php/auth/login&quot;" time="0"/>
  <testcase classname="Scenario: Add Employee" name="And User enters UserName as &quot;Admin&quot; and Password as &quot;Hum@nhrm123&quot;" time="0"/>
  <testcase classname="Scenario: Add Employee" name="And Click on Login" time="0"/>
  <testcase classname="Scenario: Add Employee" name="When Click on Add Employee" time="0"/>
  <testcase classname="Scenario: Add Employee" name="Then Enter employee details and click save" time="0.004"/>
  <testcase classname="Scenario: Add Employee" name="And Click on Welcome" time="0"/>
  <testcase classname="Scenario: Add Employee" name="When User click on Log out link" time="0"/>
  <testcase classname="Scenario: Add Employee" name="Then Logout Title should be &quot;LOGIN Panel&quot;" time="0"/>
  <testcase classname="Scenario: Add Employee" name="And close browser" time="0"/>
  <testcase classname="Scenario: Add Employee" name="Scenario: Add Employee" time="0.001"/>
  <testcase classname="Scenario: Search Customer By Name" name="Given User Launch Chrome Browser" time="0"/>
  <testcase classname="Scenario: Search Customer By Name" name="When User opens URL &quot;http://166.62.36.207/humanresources/symfony/web/index.php/auth/login&quot;" time="0"/>
  <testcase classname="Scenario: Search Customer By Name" name="And User enters UserName as &quot;Admin&quot; and Password as &quot;Hum@nhrm123&quot;" time="0"/>
  <testcase classname="Scenario: Search Customer By Name" name="And Click on Login" time="0"/>
  <testcase classname="Scenario: Search Customer By Name" name="When Click on Employee List" time="0"/>
  <testcase classname="Scenario: Search Customer By Name" name="Then Enter employee name and click search" time="0"/>
  <testcase classname="Scenario: Search Customer By Name" name="And Click on Welcome search" time="0"/>
  <testcase classname="Scenario: Search Customer By Name" name="When User click on Log out link" time="0"/>
  <testcase classname="Scenario: Search Customer By Name" name="Then Logout Title should be &quot;LOGIN Panel&quot;" time="0"/>
  <testcase classname="Scenario: Search Customer By Name" name="And close browser" time="0"/>
  <testcase classname="Scenario: Search Customer By Name" name="Scenario: Search Customer By Name" time="0.002"/>
</testsuite>